[2022-12-25T19:56:02.888+0300] {taskinstance.py:1087} INFO - Dependencies all met for <TaskInstance: titanic_pivot.download_titanic_dataset scheduled__2022-12-07T15:00:00+00:00 [queued]>
[2022-12-25T19:56:02.906+0300] {taskinstance.py:1087} INFO - Dependencies all met for <TaskInstance: titanic_pivot.download_titanic_dataset scheduled__2022-12-07T15:00:00+00:00 [queued]>
[2022-12-25T19:56:02.909+0300] {taskinstance.py:1283} INFO - 
--------------------------------------------------------------------------------
[2022-12-25T19:56:02.910+0300] {taskinstance.py:1284} INFO - Starting attempt 1 of 2
[2022-12-25T19:56:02.910+0300] {taskinstance.py:1285} INFO - 
--------------------------------------------------------------------------------
[2022-12-25T19:56:02.927+0300] {taskinstance.py:1304} INFO - Executing <Task(PythonOperator): download_titanic_dataset> on 2022-12-07 15:00:00+00:00
[2022-12-25T19:56:02.932+0300] {standard_task_runner.py:55} INFO - Started process 36669 to run task
[2022-12-25T19:56:02.942+0300] {standard_task_runner.py:82} INFO - Running: ['***', 'tasks', 'run', 'titanic_pivot', 'download_titanic_dataset', 'scheduled__2022-12-07T15:00:00+00:00', '--job-id', '863', '--raw', '--subdir', 'DAGS_FOLDER/first_dag_total.py', '--cfg-path', '/var/folders/g7/wpcjf399379f4cptqxrgszxr0000gn/T/tmp7oc47c81']
[2022-12-25T19:56:02.945+0300] {standard_task_runner.py:83} INFO - Job 863: Subtask download_titanic_dataset
[2022-12-25T19:56:02.967+0300] {logging_mixin.py:137} WARNING - /Users/vadim/.venv_***/lib/python3.9/site-packages/***/settings.py:249 DeprecationWarning: The sql_alchemy_conn option in [core] has been moved to the sql_alchemy_conn option in [database] - the old setting has been used, but please update your config.
[2022-12-25T19:56:02.969+0300] {logging_mixin.py:137} WARNING - /Users/vadim/opt/anaconda3/lib/python3.9/configparser.py:408 FutureWarning: section/key [core/sql_alchemy_conn] has been deprecated, you should use[database/sql_alchemy_conn] instead. Please update your `conf.get*` call to use the new name
[2022-12-25T19:56:02.970+0300] {logging_mixin.py:137} WARNING - /Users/vadim/.venv_***/lib/python3.9/site-packages/***/settings.py:400 DeprecationWarning: The sql_engine_encoding option in [core] has been moved to the sql_engine_encoding option in [database] - the old setting has been used, but please update your config.
[2022-12-25T19:56:02.971+0300] {logging_mixin.py:137} WARNING - /Users/vadim/opt/anaconda3/lib/python3.9/configparser.py:408 FutureWarning: section/key [core/sql_engine_encoding] has been deprecated, you should use[database/sql_engine_encoding] instead. Please update your `conf.get*` call to use the new name
[2022-12-25T19:56:03.001+0300] {logging_mixin.py:137} WARNING - /Users/vadim/.venv_***/lib/python3.9/site-packages/***/utils/sqlalchemy.py:121 DeprecationWarning: The sql_alchemy_conn option in [core] has been moved to the sql_alchemy_conn option in [database] - the old setting has been used, but please update your config.
[2022-12-25T19:56:03.033+0300] {task_command.py:389} INFO - Running <TaskInstance: titanic_pivot.download_titanic_dataset scheduled__2022-12-07T15:00:00+00:00 [running]> on host mbp-vadim.bbrouter
[2022-12-25T19:56:03.116+0300] {taskinstance.py:1511} INFO - Exporting the following env vars:
AIRFLOW_CTX_DAG_OWNER=***
AIRFLOW_CTX_DAG_ID=titanic_pivot
AIRFLOW_CTX_TASK_ID=download_titanic_dataset
AIRFLOW_CTX_EXECUTION_DATE=2022-12-07T15:00:00+00:00
AIRFLOW_CTX_TRY_NUMBER=1
AIRFLOW_CTX_DAG_RUN_ID=scheduled__2022-12-07T15:00:00+00:00
[2022-12-25T19:56:03.162+0300] {local_task_job.py:159} INFO - Task exited with return code Negsignal.SIGSEGV
[2022-12-25T19:56:03.230+0300] {taskinstance.py:2582} INFO - 0 downstream tasks scheduled from follow-on schedule check
