[2022-12-26T17:09:24.493+0300] {taskinstance.py:1087} INFO - Dependencies all met for <TaskInstance: titanic_pivot.download_titanic_dataset manual__2022-12-26T14:08:09.404694+00:00 [queued]>
[2022-12-26T17:09:24.502+0300] {taskinstance.py:1087} INFO - Dependencies all met for <TaskInstance: titanic_pivot.download_titanic_dataset manual__2022-12-26T14:08:09.404694+00:00 [queued]>
[2022-12-26T17:09:24.502+0300] {taskinstance.py:1283} INFO - 
--------------------------------------------------------------------------------
[2022-12-26T17:09:24.502+0300] {taskinstance.py:1284} INFO - Starting attempt 2 of 2
[2022-12-26T17:09:24.503+0300] {taskinstance.py:1285} INFO - 
--------------------------------------------------------------------------------
[2022-12-26T17:09:24.514+0300] {taskinstance.py:1304} INFO - Executing <Task(PythonOperator): download_titanic_dataset> on 2022-12-26 14:08:09.404694+00:00
[2022-12-26T17:09:24.517+0300] {standard_task_runner.py:55} INFO - Started process 43169 to run task
[2022-12-26T17:09:24.525+0300] {standard_task_runner.py:82} INFO - Running: ['***', 'tasks', 'run', 'titanic_pivot', 'download_titanic_dataset', 'manual__2022-12-26T14:08:09.404694+00:00', '--job-id', '934', '--raw', '--subdir', 'DAGS_FOLDER/first_dag_total.py', '--cfg-path', '/var/folders/g7/wpcjf399379f4cptqxrgszxr0000gn/T/tmpz590knhf']
[2022-12-26T17:09:24.528+0300] {standard_task_runner.py:83} INFO - Job 934: Subtask download_titanic_dataset
[2022-12-26T17:09:24.550+0300] {logging_mixin.py:137} WARNING - /Users/vadim/.venv_***/lib/python3.9/site-packages/***/settings.py:249 DeprecationWarning: The sql_alchemy_conn option in [core] has been moved to the sql_alchemy_conn option in [database] - the old setting has been used, but please update your config.
[2022-12-26T17:09:24.551+0300] {logging_mixin.py:137} WARNING - /Users/vadim/.venv_***/lib/python3.9/site-packages/***/settings.py:400 DeprecationWarning: The sql_engine_encoding option in [core] has been moved to the sql_engine_encoding option in [database] - the old setting has been used, but please update your config.
[2022-12-26T17:09:24.552+0300] {logging_mixin.py:137} WARNING - /Users/vadim/opt/anaconda3/lib/python3.9/configparser.py:408 FutureWarning: section/key [core/sql_engine_encoding] has been deprecated, you should use[database/sql_engine_encoding] instead. Please update your `conf.get*` call to use the new name
[2022-12-26T17:09:24.610+0300] {task_command.py:389} INFO - Running <TaskInstance: titanic_pivot.download_titanic_dataset manual__2022-12-26T14:08:09.404694+00:00 [running]> on host mbp-vadim.bbrouter
[2022-12-26T17:09:24.690+0300] {taskinstance.py:1511} INFO - Exporting the following env vars:
AIRFLOW_CTX_DAG_OWNER=***
AIRFLOW_CTX_DAG_ID=titanic_pivot
AIRFLOW_CTX_TASK_ID=download_titanic_dataset
AIRFLOW_CTX_EXECUTION_DATE=2022-12-26T14:08:09.404694+00:00
AIRFLOW_CTX_TRY_NUMBER=2
AIRFLOW_CTX_DAG_RUN_ID=manual__2022-12-26T14:08:09.404694+00:00
[2022-12-26T17:09:24.697+0300] {local_task_job.py:159} INFO - Task exited with return code Negsignal.SIGSEGV
[2022-12-26T17:09:24.733+0300] {taskinstance.py:2582} INFO - 0 downstream tasks scheduled from follow-on schedule check
