[2022-12-29T22:36:11.110+0300] {taskinstance.py:1087} INFO - Dependencies all met for <TaskInstance: titanic_pivot.first_task manual__2022-12-26T15:11:05.642915+00:00 [queued]>
[2022-12-29T22:36:11.119+0300] {taskinstance.py:1087} INFO - Dependencies all met for <TaskInstance: titanic_pivot.first_task manual__2022-12-26T15:11:05.642915+00:00 [queued]>
[2022-12-29T22:36:11.119+0300] {taskinstance.py:1283} INFO - 
--------------------------------------------------------------------------------
[2022-12-29T22:36:11.119+0300] {taskinstance.py:1284} INFO - Starting attempt 1 of 2
[2022-12-29T22:36:11.119+0300] {taskinstance.py:1285} INFO - 
--------------------------------------------------------------------------------
[2022-12-29T22:36:11.130+0300] {taskinstance.py:1304} INFO - Executing <Task(BashOperator): first_task> on 2022-12-26 15:11:05.642915+00:00
[2022-12-29T22:36:11.133+0300] {standard_task_runner.py:55} INFO - Started process 57270 to run task
[2022-12-29T22:36:11.140+0300] {standard_task_runner.py:82} INFO - Running: ['***', 'tasks', 'run', 'titanic_pivot', 'first_task', 'manual__2022-12-26T15:11:05.642915+00:00', '--job-id', '939', '--raw', '--subdir', 'DAGS_FOLDER/first_dag.py', '--cfg-path', '/var/folders/g7/wpcjf399379f4cptqxrgszxr0000gn/T/tmpzcr3_xro']
[2022-12-29T22:36:11.143+0300] {standard_task_runner.py:83} INFO - Job 939: Subtask first_task
[2022-12-29T22:36:11.162+0300] {logging_mixin.py:137} WARNING - /Users/vadim/.venv_***/lib/python3.9/site-packages/***/settings.py:249 DeprecationWarning: The sql_alchemy_conn option in [core] has been moved to the sql_alchemy_conn option in [database] - the old setting has been used, but please update your config.
[2022-12-29T22:36:11.164+0300] {logging_mixin.py:137} WARNING - /Users/vadim/.venv_***/lib/python3.9/site-packages/***/settings.py:400 DeprecationWarning: The sql_engine_encoding option in [core] has been moved to the sql_engine_encoding option in [database] - the old setting has been used, but please update your config.
[2022-12-29T22:36:11.165+0300] {logging_mixin.py:137} WARNING - /Users/vadim/opt/anaconda3/lib/python3.9/configparser.py:408 FutureWarning: section/key [core/sql_engine_encoding] has been deprecated, you should use[database/sql_engine_encoding] instead. Please update your `conf.get*` call to use the new name
[2022-12-29T22:36:11.216+0300] {task_command.py:389} INFO - Running <TaskInstance: titanic_pivot.first_task manual__2022-12-26T15:11:05.642915+00:00 [running]> on host mbp-vadim.bbrouter
[2022-12-29T22:36:11.287+0300] {taskinstance.py:1511} INFO - Exporting the following env vars:
AIRFLOW_CTX_DAG_OWNER=***
AIRFLOW_CTX_DAG_ID=titanic_pivot
AIRFLOW_CTX_TASK_ID=first_task
AIRFLOW_CTX_EXECUTION_DATE=2022-12-26T15:11:05.642915+00:00
AIRFLOW_CTX_TRY_NUMBER=1
AIRFLOW_CTX_DAG_RUN_ID=manual__2022-12-26T15:11:05.642915+00:00
[2022-12-29T22:36:11.288+0300] {subprocess.py:63} INFO - Tmp dir root location: 
 /var/folders/g7/wpcjf399379f4cptqxrgszxr0000gn/T
[2022-12-29T22:36:11.289+0300] {subprocess.py:75} INFO - Running command: ['/bin/bash', '-c', 'echo "Here we start!"']
[2022-12-29T22:36:11.296+0300] {subprocess.py:86} INFO - Output:
[2022-12-29T22:36:11.299+0300] {subprocess.py:93} INFO - Here we start!
[2022-12-29T22:36:11.299+0300] {subprocess.py:97} INFO - Command exited with return code 0
[2022-12-29T22:36:11.326+0300] {taskinstance.py:1322} INFO - Marking task as SUCCESS. dag_id=titanic_pivot, task_id=first_task, execution_date=20221226T151105, start_date=20221229T193611, end_date=20221229T193611
[2022-12-29T22:36:11.357+0300] {local_task_job.py:159} INFO - Task exited with return code 0
[2022-12-29T22:36:11.390+0300] {taskinstance.py:2582} INFO - 1 downstream tasks scheduled from follow-on schedule check
