[2022-12-25T19:57:21.637+0300] {taskinstance.py:1087} INFO - Dependencies all met for <TaskInstance: titanic_pivot.download_titanic_dataset scheduled__2022-12-05T15:00:00+00:00 [queued]>
[2022-12-25T19:57:21.653+0300] {taskinstance.py:1087} INFO - Dependencies all met for <TaskInstance: titanic_pivot.download_titanic_dataset scheduled__2022-12-05T15:00:00+00:00 [queued]>
[2022-12-25T19:57:21.757+0300] {taskinstance.py:1283} INFO - 
--------------------------------------------------------------------------------
[2022-12-25T19:57:21.761+0300] {taskinstance.py:1284} INFO - Starting attempt 2 of 2
[2022-12-25T19:57:21.762+0300] {taskinstance.py:1285} INFO - 
--------------------------------------------------------------------------------
[2022-12-25T19:57:21.786+0300] {taskinstance.py:1304} INFO - Executing <Task(PythonOperator): download_titanic_dataset> on 2022-12-05 15:00:00+00:00
[2022-12-25T19:57:21.791+0300] {standard_task_runner.py:55} INFO - Started process 37329 to run task
[2022-12-25T19:57:21.802+0300] {standard_task_runner.py:82} INFO - Running: ['***', 'tasks', 'run', 'titanic_pivot', 'download_titanic_dataset', 'scheduled__2022-12-05T15:00:00+00:00', '--job-id', '897', '--raw', '--subdir', 'DAGS_FOLDER/first_dag_total.py', '--cfg-path', '/var/folders/g7/wpcjf399379f4cptqxrgszxr0000gn/T/tmpj2_j8nat']
[2022-12-25T19:57:21.806+0300] {standard_task_runner.py:83} INFO - Job 897: Subtask download_titanic_dataset
[2022-12-25T19:57:21.835+0300] {logging_mixin.py:137} WARNING - /Users/vadim/.venv_***/lib/python3.9/site-packages/***/settings.py:249 DeprecationWarning: The sql_alchemy_conn option in [core] has been moved to the sql_alchemy_conn option in [database] - the old setting has been used, but please update your config.
[2022-12-25T19:57:21.838+0300] {logging_mixin.py:137} WARNING - /Users/vadim/opt/anaconda3/lib/python3.9/configparser.py:408 FutureWarning: section/key [core/sql_alchemy_conn] has been deprecated, you should use[database/sql_alchemy_conn] instead. Please update your `conf.get*` call to use the new name
[2022-12-25T19:57:21.840+0300] {logging_mixin.py:137} WARNING - /Users/vadim/.venv_***/lib/python3.9/site-packages/***/settings.py:400 DeprecationWarning: The sql_engine_encoding option in [core] has been moved to the sql_engine_encoding option in [database] - the old setting has been used, but please update your config.
[2022-12-25T19:57:21.842+0300] {logging_mixin.py:137} WARNING - /Users/vadim/opt/anaconda3/lib/python3.9/configparser.py:408 FutureWarning: section/key [core/sql_engine_encoding] has been deprecated, you should use[database/sql_engine_encoding] instead. Please update your `conf.get*` call to use the new name
[2022-12-25T19:57:21.905+0300] {logging_mixin.py:137} WARNING - /Users/vadim/.venv_***/lib/python3.9/site-packages/***/utils/sqlalchemy.py:121 DeprecationWarning: The sql_alchemy_conn option in [core] has been moved to the sql_alchemy_conn option in [database] - the old setting has been used, but please update your config.
[2022-12-25T19:57:22.055+0300] {task_command.py:389} INFO - Running <TaskInstance: titanic_pivot.download_titanic_dataset scheduled__2022-12-05T15:00:00+00:00 [running]> on host mbp-vadim.bbrouter
[2022-12-25T19:57:22.204+0300] {taskinstance.py:1511} INFO - Exporting the following env vars:
AIRFLOW_CTX_DAG_OWNER=***
AIRFLOW_CTX_DAG_ID=titanic_pivot
AIRFLOW_CTX_TASK_ID=download_titanic_dataset
AIRFLOW_CTX_EXECUTION_DATE=2022-12-05T15:00:00+00:00
AIRFLOW_CTX_TRY_NUMBER=2
AIRFLOW_CTX_DAG_RUN_ID=scheduled__2022-12-05T15:00:00+00:00
[2022-12-25T19:57:22.218+0300] {local_task_job.py:159} INFO - Task exited with return code Negsignal.SIGSEGV
[2022-12-25T19:57:22.252+0300] {taskinstance.py:2582} INFO - 0 downstream tasks scheduled from follow-on schedule check
