[2022-12-30T21:07:56.481+0300] {taskinstance.py:1087} INFO - Dependencies all met for <TaskInstance: car_price_prediction.fitting_pipeline scheduled__2022-06-21T15:00:00+00:00 [queued]>
[2022-12-30T21:07:56.491+0300] {taskinstance.py:1087} INFO - Dependencies all met for <TaskInstance: car_price_prediction.fitting_pipeline scheduled__2022-06-21T15:00:00+00:00 [queued]>
[2022-12-30T21:07:56.491+0300] {taskinstance.py:1283} INFO - 
--------------------------------------------------------------------------------
[2022-12-30T21:07:56.491+0300] {taskinstance.py:1284} INFO - Starting attempt 1 of 2
[2022-12-30T21:07:56.491+0300] {taskinstance.py:1285} INFO - 
--------------------------------------------------------------------------------
[2022-12-30T21:07:56.502+0300] {taskinstance.py:1304} INFO - Executing <Task(PythonOperator): fitting_pipeline> on 2022-06-21 15:00:00+00:00
[2022-12-30T21:07:56.505+0300] {standard_task_runner.py:55} INFO - Started process 66149 to run task
[2022-12-30T21:07:56.514+0300] {standard_task_runner.py:82} INFO - Running: ['***', 'tasks', 'run', 'car_price_prediction', 'fitting_pipeline', 'scheduled__2022-06-21T15:00:00+00:00', '--job-id', '983', '--raw', '--subdir', 'DAGS_FOLDER/hw_dag.py', '--cfg-path', '/var/folders/g7/wpcjf399379f4cptqxrgszxr0000gn/T/tmpmyli4813']
[2022-12-30T21:07:56.517+0300] {standard_task_runner.py:83} INFO - Job 983: Subtask fitting_pipeline
[2022-12-30T21:07:56.537+0300] {logging_mixin.py:137} WARNING - /Users/vadim/.venv_***/lib/python3.9/site-packages/***/settings.py:249 DeprecationWarning: The sql_alchemy_conn option in [core] has been moved to the sql_alchemy_conn option in [database] - the old setting has been used, but please update your config.
[2022-12-30T21:07:56.539+0300] {logging_mixin.py:137} WARNING - /Users/vadim/opt/anaconda3/lib/python3.9/configparser.py:408 FutureWarning: section/key [core/sql_alchemy_conn] has been deprecated, you should use[database/sql_alchemy_conn] instead. Please update your `conf.get*` call to use the new name
[2022-12-30T21:07:56.541+0300] {logging_mixin.py:137} WARNING - /Users/vadim/.venv_***/lib/python3.9/site-packages/***/settings.py:400 DeprecationWarning: The sql_engine_encoding option in [core] has been moved to the sql_engine_encoding option in [database] - the old setting has been used, but please update your config.
[2022-12-30T21:07:56.542+0300] {logging_mixin.py:137} WARNING - /Users/vadim/opt/anaconda3/lib/python3.9/configparser.py:408 FutureWarning: section/key [core/sql_engine_encoding] has been deprecated, you should use[database/sql_engine_encoding] instead. Please update your `conf.get*` call to use the new name
[2022-12-30T21:07:56.564+0300] {logging_mixin.py:137} WARNING - /Users/vadim/.venv_***/lib/python3.9/site-packages/***/utils/sqlalchemy.py:121 DeprecationWarning: The sql_alchemy_conn option in [core] has been moved to the sql_alchemy_conn option in [database] - the old setting has been used, but please update your config.
[2022-12-30T21:07:56.595+0300] {task_command.py:389} INFO - Running <TaskInstance: car_price_prediction.fitting_pipeline scheduled__2022-06-21T15:00:00+00:00 [running]> on host mbp-vadim.bbrouter
[2022-12-30T21:07:56.663+0300] {taskinstance.py:1511} INFO - Exporting the following env vars:
AIRFLOW_CTX_DAG_OWNER=***
AIRFLOW_CTX_DAG_ID=car_price_prediction
AIRFLOW_CTX_TASK_ID=fitting_pipeline
AIRFLOW_CTX_EXECUTION_DATE=2022-06-21T15:00:00+00:00
AIRFLOW_CTX_TRY_NUMBER=1
AIRFLOW_CTX_DAG_RUN_ID=scheduled__2022-06-21T15:00:00+00:00
[2022-12-30T21:07:57.843+0300] {hw_dag.py:134} INFO - model: LogisticRegression, acc_mean: 0.7591, acc_std: 0.0075
[2022-12-30T21:08:20.207+0300] {hw_dag.py:134} INFO - model: RandomForestClassifier, acc_mean: 0.7780, acc_std: 0.0045
[2022-12-30T21:08:32.692+0300] {hw_dag.py:134} INFO - model: SVC, acc_mean: 0.7871, acc_std: 0.0042
[2022-12-30T21:08:32.693+0300] {hw_dag.py:139} INFO - best model: SVC, accuracy: 0.7871
[2022-12-30T21:08:41.670+0300] {hw_dag.py:147} INFO - Model is saved as /Users/vadim/***_hw/data/models/cars_pipe_202212302108.pkl
[2022-12-30T21:08:41.700+0300] {python.py:177} INFO - Done. Returned value was: None
[2022-12-30T21:08:41.717+0300] {taskinstance.py:1322} INFO - Marking task as SUCCESS. dag_id=car_price_prediction, task_id=fitting_pipeline, execution_date=20220621T150000, start_date=20221230T180756, end_date=20221230T180841
[2022-12-30T21:08:41.797+0300] {local_task_job.py:159} INFO - Task exited with return code 0
[2022-12-30T21:08:41.834+0300] {taskinstance.py:2582} INFO - 1 downstream tasks scheduled from follow-on schedule check
